<?xml version="1.0" encoding="UTF-8"?>
<testng-results skipped="0" failed="0" ignored="0" total="1" passed="1">
  <reporter-output>
  </reporter-output>
  <suite name="Default suite" duration-ms="28731" started-at="2019-01-16T09:16:17Z" finished-at="2019-01-16T09:16:45Z">
    <groups>
    </groups>
    <test name="Default test" duration-ms="28731" started-at="2019-01-16T09:16:17Z" finished-at="2019-01-16T09:16:45Z">
      <class name="DayOne.ExcelReadClass">
        <test-method status="PASS" signature="setup()[pri:0, instance:DayOne.ExcelReadClass@4667ae56]" name="setup" is-config="true" duration-ms="10749" started-at="2019-01-16T09:16:17Z" finished-at="2019-01-16T09:16:27Z">
          <reporter-output>
          </reporter-output>
        </test-method> <!-- setup -->
        <test-method status="PASS" signature="testSearch()[pri:0, instance:DayOne.ExcelReadClass@4667ae56]" name="testSearch" duration-ms="14919" started-at="2019-01-16T09:16:28Z" finished-at="2019-01-16T09:16:42Z">
          <reporter-output>
          </reporter-output>
        </test-method> <!-- testSearch -->
        <test-method status="PASS" signature="tearDown()[pri:0, instance:DayOne.ExcelReadClass@4667ae56]" name="tearDown" is-config="true" duration-ms="3039" started-at="2019-01-16T09:16:42Z" finished-at="2019-01-16T09:16:45Z">
          <reporter-output>
          </reporter-output>
        </test-method> <!-- tearDown -->
      </class> <!-- DayOne.ExcelReadClass -->
    </test> <!-- Default test -->
  </suite> <!-- Default suite -->
</testng-results>
